{"/Users/user/WebstormProjects/crawler/models/fibonacci.js":{"path":"/Users/user/WebstormProjects/crawler/models/fibonacci.js","s":{"1":1,"2":364,"3":1,"4":363,"5":2,"6":361,"7":3,"8":358,"9":70,"10":288,"11":112,"12":176,"13":1,"14":1,"15":0,"16":0},"b":{"1":[1,363],"2":[2,361],"3":[3,358],"4":[70,288],"5":[112,176],"6":[0,1]},"f":{"1":364},"fnMap":{"1":{"name":"(anonymous_1)","line":5,"loc":{"start":{"line":5,"column":16},"end":{"line":5,"column":29}}}},"statementMap":{"1":{"start":{"line":5,"column":0},"end":{"line":23,"column":1}},"2":{"start":{"line":6,"column":4},"end":{"line":8,"column":5}},"3":{"start":{"line":7,"column":8},"end":{"line":7,"column":48}},"4":{"start":{"line":9,"column":4},"end":{"line":11,"column":5}},"5":{"start":{"line":10,"column":8},"end":{"line":10,"column":41}},"6":{"start":{"line":12,"column":4},"end":{"line":14,"column":5}},"7":{"start":{"line":13,"column":8},"end":{"line":13,"column":42}},"8":{"start":{"line":15,"column":4},"end":{"line":17,"column":5}},"9":{"start":{"line":16,"column":8},"end":{"line":16,"column":17}},"10":{"start":{"line":18,"column":4},"end":{"line":20,"column":5}},"11":{"start":{"line":19,"column":8},"end":{"line":19,"column":17}},"12":{"start":{"line":22,"column":4},"end":{"line":22,"column":44}},"13":{"start":{"line":25,"column":0},"end":{"line":25,"column":30}},"14":{"start":{"line":27,"column":0},"end":{"line":30,"column":1}},"15":{"start":{"line":28,"column":4},"end":{"line":28,"column":36}},"16":{"start":{"line":29,"column":4},"end":{"line":29,"column":57}}},"branchMap":{"1":{"line":6,"type":"if","locations":[{"start":{"line":6,"column":4},"end":{"line":6,"column":4}},{"start":{"line":6,"column":4},"end":{"line":6,"column":4}}]},"2":{"line":9,"type":"if","locations":[{"start":{"line":9,"column":4},"end":{"line":9,"column":4}},{"start":{"line":9,"column":4},"end":{"line":9,"column":4}}]},"3":{"line":12,"type":"if","locations":[{"start":{"line":12,"column":4},"end":{"line":12,"column":4}},{"start":{"line":12,"column":4},"end":{"line":12,"column":4}}]},"4":{"line":15,"type":"if","locations":[{"start":{"line":15,"column":4},"end":{"line":15,"column":4}},{"start":{"line":15,"column":4},"end":{"line":15,"column":4}}]},"5":{"line":18,"type":"if","locations":[{"start":{"line":18,"column":4},"end":{"line":18,"column":4}},{"start":{"line":18,"column":4},"end":{"line":18,"column":4}}]},"6":{"line":27,"type":"if","locations":[{"start":{"line":27,"column":0},"end":{"line":27,"column":0}},{"start":{"line":27,"column":0},"end":{"line":27,"column":0}}]}}},"/Users/user/WebstormProjects/crawler/app.js":{"path":"/Users/user/WebstormProjects/crawler/app.js","s":{"1":1,"2":1,"3":1,"4":1,"5":1,"6":1,"7":1,"8":1,"9":1,"10":1,"11":1,"12":1,"13":1,"14":1,"15":1,"16":1,"17":1,"18":1,"19":1,"20":1,"21":1,"22":1,"23":1,"24":1,"25":0,"26":0,"27":0,"28":1,"29":1,"30":0,"31":0,"32":1,"33":0,"34":0,"35":1},"b":{"1":[1,0],"2":[0,0],"3":[0,0]},"f":{"1":0,"2":0,"3":0},"fnMap":{"1":{"name":"(anonymous_1)","line":34,"loc":{"start":{"line":34,"column":8},"end":{"line":34,"column":33}}},"2":{"name":"(anonymous_2)","line":45,"loc":{"start":{"line":45,"column":10},"end":{"line":45,"column":40}}},"3":{"name":"(anonymous_3)","line":56,"loc":{"start":{"line":56,"column":8},"end":{"line":56,"column":38}}}},"statementMap":{"1":{"start":{"line":1,"column":0},"end":{"line":1,"column":33}},"2":{"start":{"line":2,"column":0},"end":{"line":2,"column":27}},"3":{"start":{"line":3,"column":0},"end":{"line":3,"column":39}},"4":{"start":{"line":4,"column":0},"end":{"line":4,"column":31}},"5":{"start":{"line":5,"column":0},"end":{"line":5,"column":44}},"6":{"start":{"line":6,"column":0},"end":{"line":6,"column":40}},"7":{"start":{"line":8,"column":0},"end":{"line":8,"column":39}},"8":{"start":{"line":9,"column":0},"end":{"line":9,"column":38}},"9":{"start":{"line":10,"column":0},"end":{"line":10,"column":42}},"10":{"start":{"line":11,"column":0},"end":{"line":11,"column":46}},"11":{"start":{"line":13,"column":0},"end":{"line":13,"column":20}},"12":{"start":{"line":16,"column":0},"end":{"line":16,"column":48}},"13":{"start":{"line":17,"column":0},"end":{"line":17,"column":31}},"14":{"start":{"line":21,"column":0},"end":{"line":21,"column":23}},"15":{"start":{"line":22,"column":0},"end":{"line":22,"column":27}},"16":{"start":{"line":23,"column":0},"end":{"line":23,"column":52}},"17":{"start":{"line":24,"column":0},"end":{"line":24,"column":24}},"18":{"start":{"line":25,"column":0},"end":{"line":25,"column":68}},"19":{"start":{"line":26,"column":0},"end":{"line":26,"column":56}},"20":{"start":{"line":28,"column":0},"end":{"line":28,"column":21}},"21":{"start":{"line":29,"column":0},"end":{"line":29,"column":25}},"22":{"start":{"line":30,"column":0},"end":{"line":30,"column":29}},"23":{"start":{"line":31,"column":0},"end":{"line":31,"column":33}},"24":{"start":{"line":34,"column":0},"end":{"line":38,"column":3}},"25":{"start":{"line":35,"column":2},"end":{"line":35,"column":35}},"26":{"start":{"line":36,"column":2},"end":{"line":36,"column":19}},"27":{"start":{"line":37,"column":2},"end":{"line":37,"column":12}},"28":{"start":{"line":44,"column":0},"end":{"line":52,"column":1}},"29":{"start":{"line":45,"column":2},"end":{"line":51,"column":5}},"30":{"start":{"line":46,"column":4},"end":{"line":46,"column":34}},"31":{"start":{"line":47,"column":4},"end":{"line":50,"column":7}},"32":{"start":{"line":56,"column":0},"end":{"line":62,"column":3}},"33":{"start":{"line":57,"column":2},"end":{"line":57,"column":32}},"34":{"start":{"line":58,"column":2},"end":{"line":61,"column":5}},"35":{"start":{"line":65,"column":0},"end":{"line":65,"column":21}}},"branchMap":{"1":{"line":44,"type":"if","locations":[{"start":{"line":44,"column":0},"end":{"line":44,"column":0}},{"start":{"line":44,"column":0},"end":{"line":44,"column":0}}]},"2":{"line":46,"type":"binary-expr","locations":[{"start":{"line":46,"column":15},"end":{"line":46,"column":25}},{"start":{"line":46,"column":29},"end":{"line":46,"column":32}}]},"3":{"line":57,"type":"binary-expr","locations":[{"start":{"line":57,"column":13},"end":{"line":57,"column":23}},{"start":{"line":57,"column":27},"end":{"line":57,"column":30}}]}}},"/Users/user/WebstormProjects/crawler/routes/index.js":{"path":"/Users/user/WebstormProjects/crawler/routes/index.js","s":{"1":1,"2":1,"3":1,"4":0,"5":1},"b":{},"f":{"1":0},"fnMap":{"1":{"name":"(anonymous_1)","line":5,"loc":{"start":{"line":5,"column":16},"end":{"line":5,"column":41}}}},"statementMap":{"1":{"start":{"line":1,"column":0},"end":{"line":1,"column":33}},"2":{"start":{"line":2,"column":0},"end":{"line":2,"column":30}},"3":{"start":{"line":5,"column":0},"end":{"line":7,"column":3}},"4":{"start":{"line":6,"column":2},"end":{"line":6,"column":44}},"5":{"start":{"line":9,"column":0},"end":{"line":9,"column":24}}},"branchMap":{}},"/Users/user/WebstormProjects/crawler/routes/users.js":{"path":"/Users/user/WebstormProjects/crawler/routes/users.js","s":{"1":1,"2":1,"3":1,"4":0,"5":1},"b":{},"f":{"1":0},"fnMap":{"1":{"name":"(anonymous_1)","line":5,"loc":{"start":{"line":5,"column":16},"end":{"line":5,"column":41}}}},"statementMap":{"1":{"start":{"line":1,"column":0},"end":{"line":1,"column":33}},"2":{"start":{"line":2,"column":0},"end":{"line":2,"column":30}},"3":{"start":{"line":5,"column":0},"end":{"line":7,"column":3}},"4":{"start":{"line":6,"column":2},"end":{"line":6,"column":38}},"5":{"start":{"line":9,"column":0},"end":{"line":9,"column":24}}},"branchMap":{}},"/Users/user/WebstormProjects/crawler/routes/crawler.js":{"path":"/Users/user/WebstormProjects/crawler/routes/crawler.js","s":{"1":1,"2":1,"3":1,"4":1,"5":1,"6":1,"7":1,"8":1,"9":0,"10":0,"11":0,"12":0,"13":0,"14":0,"15":0,"16":0,"17":0,"18":0,"19":0,"20":0,"21":0,"22":0,"23":0,"24":0,"25":0,"26":0,"27":0,"28":0,"29":0,"30":0,"31":0,"32":0,"33":1,"34":1,"35":0,"36":0,"37":0,"38":0,"39":0,"40":0,"41":0,"42":0,"43":0,"44":0,"45":0,"46":0,"47":0,"48":0,"49":0,"50":0,"51":0,"52":0,"53":0,"54":0,"55":0,"56":0,"57":0,"58":0,"59":0,"60":0,"61":0,"62":0,"63":0,"64":0,"65":0,"66":0,"67":0,"68":0,"69":0,"70":1},"b":{"1":[0,0],"2":[0,0]},"f":{"1":0,"2":0,"3":0,"4":0,"5":0,"6":0,"7":0,"8":0,"9":0,"10":0,"11":0,"12":0,"13":0,"14":0,"15":0,"16":0,"17":0},"fnMap":{"1":{"name":"(anonymous_1)","line":10,"loc":{"start":{"line":10,"column":16},"end":{"line":10,"column":42}}},"2":{"name":"(anonymous_2)","line":13,"loc":{"start":{"line":13,"column":13},"end":{"line":13,"column":34}}},"3":{"name":"(anonymous_3)","line":20,"loc":{"start":{"line":20,"column":47},"end":{"line":20,"column":71}}},"4":{"name":"(anonymous_4)","line":28,"loc":{"start":{"line":28,"column":52},"end":{"line":28,"column":68}}},"5":{"name":"(anonymous_5)","line":29,"loc":{"start":{"line":29,"column":36},"end":{"line":29,"column":55}}},"6":{"name":"(anonymous_6)","line":47,"loc":{"start":{"line":47,"column":30},"end":{"line":47,"column":48}}},"7":{"name":"(anonymous_7)","line":49,"loc":{"start":{"line":49,"column":25},"end":{"line":49,"column":43}}},"8":{"name":"(anonymous_8)","line":60,"loc":{"start":{"line":60,"column":21},"end":{"line":60,"column":47}}},"9":{"name":"(anonymous_9)","line":63,"loc":{"start":{"line":63,"column":13},"end":{"line":63,"column":34}}},"10":{"name":"(anonymous_10)","line":70,"loc":{"start":{"line":70,"column":47},"end":{"line":70,"column":71}}},"11":{"name":"(anonymous_11)","line":79,"loc":{"start":{"line":79,"column":52},"end":{"line":79,"column":68}}},"12":{"name":"(anonymous_12)","line":80,"loc":{"start":{"line":80,"column":36},"end":{"line":80,"column":55}}},"13":{"name":"(anonymous_13)","line":99,"loc":{"start":{"line":99,"column":27},"end":{"line":99,"column":52}}},"14":{"name":"(anonymous_14)","line":104,"loc":{"start":{"line":104,"column":25},"end":{"line":104,"column":43}}},"15":{"name":"(anonymous_15)","line":108,"loc":{"start":{"line":108,"column":27},"end":{"line":108,"column":38}}},"16":{"name":"(anonymous_16)","line":114,"loc":{"start":{"line":114,"column":41},"end":{"line":114,"column":63}}},"17":{"name":"(anonymous_17)","line":116,"loc":{"start":{"line":116,"column":15},"end":{"line":116,"column":38}}}},"statementMap":{"1":{"start":{"line":1,"column":0},"end":{"line":1,"column":33}},"2":{"start":{"line":2,"column":0},"end":{"line":2,"column":39}},"3":{"start":{"line":3,"column":0},"end":{"line":3,"column":33}},"4":{"start":{"line":4,"column":0},"end":{"line":4,"column":39}},"5":{"start":{"line":5,"column":0},"end":{"line":5,"column":25}},"6":{"start":{"line":6,"column":0},"end":{"line":6,"column":47}},"7":{"start":{"line":7,"column":0},"end":{"line":7,"column":30}},"8":{"start":{"line":10,"column":0},"end":{"line":56,"column":3}},"9":{"start":{"line":11,"column":4},"end":{"line":11,"column":42}},"10":{"start":{"line":12,"column":4},"end":{"line":55,"column":11}},"11":{"start":{"line":14,"column":12},"end":{"line":16,"column":13}},"12":{"start":{"line":15,"column":16},"end":{"line":15,"column":33}},"13":{"start":{"line":17,"column":12},"end":{"line":17,"column":31}},"14":{"start":{"line":18,"column":12},"end":{"line":18,"column":44}},"15":{"start":{"line":20,"column":12},"end":{"line":25,"column":15}},"16":{"start":{"line":21,"column":16},"end":{"line":21,"column":42}},"17":{"start":{"line":22,"column":16},"end":{"line":22,"column":71}},"18":{"start":{"line":24,"column":16},"end":{"line":24,"column":37}},"19":{"start":{"line":26,"column":12},"end":{"line":26,"column":38}},"20":{"start":{"line":28,"column":12},"end":{"line":45,"column":15}},"21":{"start":{"line":29,"column":16},"end":{"line":38,"column":19}},"22":{"start":{"line":30,"column":20},"end":{"line":30,"column":48}},"23":{"start":{"line":31,"column":20},"end":{"line":31,"column":49}},"24":{"start":{"line":32,"column":20},"end":{"line":32,"column":52}},"25":{"start":{"line":33,"column":20},"end":{"line":37,"column":23}},"26":{"start":{"line":39,"column":16},"end":{"line":39,"column":38}},"27":{"start":{"line":40,"column":16},"end":{"line":40,"column":36}},"28":{"start":{"line":42,"column":16},"end":{"line":44,"column":19}},"29":{"start":{"line":47,"column":12},"end":{"line":53,"column":15}},"30":{"start":{"line":48,"column":16},"end":{"line":52,"column":23}},"31":{"start":{"line":50,"column":24},"end":{"line":50,"column":73}},"32":{"start":{"line":51,"column":24},"end":{"line":51,"column":67}},"33":{"start":{"line":58,"column":0},"end":{"line":58,"column":29}},"34":{"start":{"line":60,"column":0},"end":{"line":122,"column":3}},"35":{"start":{"line":61,"column":4},"end":{"line":61,"column":42}},"36":{"start":{"line":62,"column":4},"end":{"line":120,"column":11}},"37":{"start":{"line":64,"column":12},"end":{"line":66,"column":13}},"38":{"start":{"line":65,"column":16},"end":{"line":65,"column":33}},"39":{"start":{"line":67,"column":12},"end":{"line":67,"column":31}},"40":{"start":{"line":68,"column":12},"end":{"line":68,"column":44}},"41":{"start":{"line":70,"column":12},"end":{"line":75,"column":15}},"42":{"start":{"line":71,"column":16},"end":{"line":71,"column":42}},"43":{"start":{"line":72,"column":16},"end":{"line":72,"column":72}},"44":{"start":{"line":74,"column":16},"end":{"line":74,"column":37}},"45":{"start":{"line":77,"column":12},"end":{"line":77,"column":38}},"46":{"start":{"line":79,"column":12},"end":{"line":96,"column":15}},"47":{"start":{"line":80,"column":16},"end":{"line":89,"column":19}},"48":{"start":{"line":81,"column":20},"end":{"line":81,"column":48}},"49":{"start":{"line":82,"column":20},"end":{"line":82,"column":49}},"50":{"start":{"line":83,"column":20},"end":{"line":83,"column":52}},"51":{"start":{"line":84,"column":20},"end":{"line":88,"column":23}},"52":{"start":{"line":90,"column":16},"end":{"line":90,"column":38}},"53":{"start":{"line":91,"column":16},"end":{"line":91,"column":36}},"54":{"start":{"line":93,"column":16},"end":{"line":95,"column":19}},"55":{"start":{"line":98,"column":12},"end":{"line":98,"column":37}},"56":{"start":{"line":99,"column":12},"end":{"line":112,"column":13}},"57":{"start":{"line":100,"column":16},"end":{"line":100,"column":76}},"58":{"start":{"line":101,"column":16},"end":{"line":101,"column":35}},"59":{"start":{"line":102,"column":16},"end":{"line":102,"column":95}},"60":{"start":{"line":103,"column":16},"end":{"line":107,"column":23}},"61":{"start":{"line":105,"column":24},"end":{"line":105,"column":68}},"62":{"start":{"line":106,"column":24},"end":{"line":106,"column":62}},"63":{"start":{"line":108,"column":16},"end":{"line":111,"column":26}},"64":{"start":{"line":109,"column":20},"end":{"line":109,"column":39}},"65":{"start":{"line":110,"column":20},"end":{"line":110,"column":58}},"66":{"start":{"line":114,"column":12},"end":{"line":119,"column":15}},"67":{"start":{"line":115,"column":16},"end":{"line":115,"column":40}},"68":{"start":{"line":117,"column":16},"end":{"line":117,"column":38}},"69":{"start":{"line":118,"column":16},"end":{"line":118,"column":36}},"70":{"start":{"line":127,"column":0},"end":{"line":127,"column":24}}},"branchMap":{"1":{"line":14,"type":"if","locations":[{"start":{"line":14,"column":12},"end":{"line":14,"column":12}},{"start":{"line":14,"column":12},"end":{"line":14,"column":12}}]},"2":{"line":64,"type":"if","locations":[{"start":{"line":64,"column":12},"end":{"line":64,"column":12}},{"start":{"line":64,"column":12},"end":{"line":64,"column":12}}]}}},"/Users/user/WebstormProjects/crawler/routes/fibonacci.js":{"path":"/Users/user/WebstormProjects/crawler/routes/fibonacci.js","s":{"1":1,"2":1,"3":1,"4":1,"5":7,"6":7,"7":6,"8":6,"9":6,"10":3,"11":1,"12":1},"b":{"1":[6,1]},"f":{"1":7},"fnMap":{"1":{"name":"(anonymous_1)","line":9,"loc":{"start":{"line":9,"column":19},"end":{"line":9,"column":44}}}},"statementMap":{"1":{"start":{"line":4,"column":0},"end":{"line":4,"column":33}},"2":{"start":{"line":5,"column":0},"end":{"line":5,"column":30}},"3":{"start":{"line":6,"column":0},"end":{"line":6,"column":47}},"4":{"start":{"line":9,"column":0},"end":{"line":27,"column":3}},"5":{"start":{"line":10,"column":4},"end":{"line":10,"column":24}},"6":{"start":{"line":11,"column":4},"end":{"line":24,"column":5}},"7":{"start":{"line":12,"column":8},"end":{"line":12,"column":29}},"8":{"start":{"line":13,"column":8},"end":{"line":19,"column":9}},"9":{"start":{"line":14,"column":12},"end":{"line":14,"column":56}},"10":{"start":{"line":16,"column":12},"end":{"line":18,"column":33}},"11":{"start":{"line":21,"column":8},"end":{"line":23,"column":42}},"12":{"start":{"line":29,"column":0},"end":{"line":29,"column":24}}},"branchMap":{"1":{"line":11,"type":"if","locations":[{"start":{"line":11,"column":4},"end":{"line":11,"column":4}},{"start":{"line":11,"column":4},"end":{"line":11,"column":4}}]}}}}